<?xml version="1.0" encoding="UTF-8"?>
<!-- Generated by org.testng.reporters.JUnitReportReporter -->
<testsuite skipped="0" hostname="LAPTOP-FFI6M1JD" name="TestNGSessions.DependsOnMethods" tests="3" failures="0" timestamp="20 May 2020 01:21:46 GMT" time="0.015" errors="0">
  <testcase name="loginTest" time="0.013" classname="TestNGSessions.DependsOnMethods"/>
  <testcase name="searchPageTest" time="0.001" classname="TestNGSessions.DependsOnMethods"/>
  <testcase name="homePageTest" time="0.001" classname="TestNGSessions.DependsOnMethods"/>
</testsuite> <!-- TestNGSessions.DependsOnMethods -->
