<?xml version="1.0" encoding="UTF-8"?>
<!-- Generated by org.testng.reporters.JUnitReportReporter -->
<testsuite skipped="0" hostname="LAPTOP-FFI6M1JD" name="TestNGSessions.TestNGAnnotations" tests="2" failures="0" timestamp="19 May 2020 01:38:33 GMT" time="0.021" errors="0">
  <testcase name="verifyTitleTest" time="0.012" classname="TestNGSessions.TestNGAnnotations"/>
  <testcase name="verifyLoggedInUser" time="0.009" classname="TestNGSessions.TestNGAnnotations"/>
</testsuite> <!-- TestNGSessions.TestNGAnnotations -->
