<?xml version="1.0" encoding="UTF-8"?>
<!-- Generated by org.testng.reporters.JUnitReportReporter -->
<testsuite skipped="0" hostname="LAPTOP-FFI6M1JD" name="TestNGSessions.InvocationCountConcept" tests="10" failures="0" timestamp="21 May 2020 01:28:47 GMT" time="0.027" errors="0">
  <testcase name="googleTest" time="0.001" classname="TestNGSessions.InvocationCountConcept"/>
  <testcase name="googleTest" time="0.001" classname="TestNGSessions.InvocationCountConcept"/>
  <testcase name="googleTest" time="0.001" classname="TestNGSessions.InvocationCountConcept"/>
  <testcase name="googleTest" time="0.000" classname="TestNGSessions.InvocationCountConcept"/>
  <testcase name="googleTest" time="0.002" classname="TestNGSessions.InvocationCountConcept"/>
  <testcase name="googleTest" time="0.002" classname="TestNGSessions.InvocationCountConcept"/>
  <testcase name="googleTest" time="0.002" classname="TestNGSessions.InvocationCountConcept"/>
  <testcase name="googleTest" time="0.001" classname="TestNGSessions.InvocationCountConcept"/>
  <testcase name="googleTest" time="0.002" classname="TestNGSessions.InvocationCountConcept"/>
  <testcase name="googleTest" time="0.015" classname="TestNGSessions.InvocationCountConcept"/>
</testsuite> <!-- TestNGSessions.InvocationCountConcept -->
