<?xml version="1.0" encoding="UTF-8"?>
<!-- Generated by org.testng.reporters.JUnitReportReporter -->
<testsuite skipped="0" hostname="LAPTOP-FFI6M1JD" name="TestNGSessions.PriorityTest" tests="5" failures="0" timestamp="21 May 2020 01:33:13 GMT" time="0.012" errors="0">
  <testcase name="atest5" time="0.008" classname="TestNGSessions.PriorityTest"/>
  <testcase name="btest4" time="0.001" classname="TestNGSessions.PriorityTest"/>
  <testcase name="ctest3" time="0.001" classname="TestNGSessions.PriorityTest"/>
  <testcase name="test1" time="0.001" classname="TestNGSessions.PriorityTest"/>
  <testcase name="test2" time="0.001" classname="TestNGSessions.PriorityTest"/>
</testsuite> <!-- TestNGSessions.PriorityTest -->
