<?xml version="1.0" encoding="UTF-8"?>
<!-- Generated by org.testng.reporters.JUnitReportReporter -->
<testsuite skipped="0" hostname="LAPTOP-FFI6M1JD" name="TestNGSessions.TestNgSelenium" tests="3" failures="0" timestamp="19 May 2020 02:16:35 GMT" time="5.950" errors="0">
  <testcase name="verifySignUpLinkTest" time="5.447" classname="TestNGSessions.TestNgSelenium"/>
  <testcase name="verifyLoginPageTitleTest" time="0.019" classname="TestNGSessions.TestNgSelenium"/>
  <testcase name="loginTest" time="0.484" classname="TestNGSessions.TestNgSelenium"/>
</testsuite> <!-- TestNGSessions.TestNgSelenium -->
