<?xml version="1.0" encoding="UTF-8"?>
<!-- Generated by org.testng.reporters.JUnitReportReporter -->
<testsuite skipped="1" hostname="LAPTOP-FFI6M1JD" name="TestNGSessions.DisableTest" tests="5" failures="0" timestamp="20 May 2020 01:25:06 GMT" time="0.012" errors="0">
  <testcase name="ctest3" time="0.002" classname="TestNGSessions.DisableTest"/>
  <testcase name="btest4" time="0.001" classname="TestNGSessions.DisableTest"/>
  <testcase name="test1" time="0.001" classname="TestNGSessions.DisableTest"/>
  <testcase name="atest5" time="0.008" classname="TestNGSessions.DisableTest"/>
  <testcase name="test2" classname="TestNGSessions.DisableTest">
    <skipped/>
  </testcase> <!-- test2 -->
</testsuite> <!-- TestNGSessions.DisableTest -->
