<?xml version="1.0" encoding="UTF-8"?>
<!-- Generated by org.testng.reporters.JUnitReportReporter -->
<testsuite skipped="0" hostname="LAPTOP-FFI6M1JD" name="TestNGSessions.ExpectedExceptionConcept" tests="1" failures="0" timestamp="20 May 2020 01:11:06 GMT" time="0.005" errors="0">
  <testcase name="divTest" time="0.005" classname="TestNGSessions.ExpectedExceptionConcept"/>
</testsuite> <!-- TestNGSessions.ExpectedExceptionConcept -->
